[ 2017-11-11T08:52:13+08:00 ] 36.5.49.60 /api.php/Api/returnshop
INFO: [ app_init ] --START--
INFO: Run Behavior\BuildLiteBehavior [ RunTime:0.000000s ]
INFO: [ app_init ] --END-- [ RunTime:0.000000s ]
INFO: [ app_begin ] --START--
INFO: Run Behavior\ReadHtmlCacheBehavior [ RunTime:0.000000s ]
INFO: Run Behavior\CheckLangBehavior [ RunTime:0.000000s ]
INFO: [ app_begin ] --END-- [ RunTime:0.000000s ]
NOTIC: [2048] Declaration of Api\Controller\ApiController::get() should be compatible with Think\Controller::get($name = '') D:\phpStudy\WWW\ApiApps\Api\Controller\ApiController.class.php 第 1130 行.
SQL: SHOW COLUMNS FROM `yefan_shop` [ RunTime:0.0000s ]
SQL: SELECT * FROM `yefan_shop`  [ RunTime:0.0000s ]
INFO: [ app_end ] --START--
INFO: Run Behavior\ShowPageTraceBehavior [ RunTime:0.000000s ]
INFO: [ app_end ] --END-- [ RunTime:0.000000s ]

[ 2017-11-11T08:52:38+08:00 ] 36.5.49.60 /api.php/Api/returnshopsreceipt
INFO: [ app_init ] --START--
INFO: Run Behavior\BuildLiteBehavior [ RunTime:0.000000s ]
INFO: [ app_init ] --END-- [ RunTime:0.000000s ]
INFO: [ app_begin ] --START--
INFO: Run Behavior\ReadHtmlCacheBehavior [ RunTime:0.015600s ]
INFO: Run Behavior\CheckLangBehavior [ RunTime:0.000000s ]
INFO: [ app_begin ] --END-- [ RunTime:0.015600s ]
NOTIC: [2048] Declaration of Api\Controller\ApiController::get() should be compatible with Think\Controller::get($name = '') D:\phpStudy\WWW\ApiApps\Api\Controller\ApiController.class.php 第 1130 行.
SQL: SHOW COLUMNS FROM `yefan_weichat` [ RunTime:0.0000s ]
SQL: SELECT * FROM `yefan_weichat` WHERE `wei_remarks` = '收货' AND `wei_static` = '6' AND `receipt_time` <> '' LIMIT 1   [ RunTime:0.0000s ]
INFO: [ app_end ] --START--
INFO: Run Behavior\ShowPageTraceBehavior [ RunTime:0.000000s ]
INFO: [ app_end ] --END-- [ RunTime:0.000000s ]

