[ 2017-11-21T08:50:02+08:00 ] 101.226.66.177 /seller.php/Index
INFO: [ app_init ] --START--
INFO: Run Behavior\BuildLiteBehavior [ RunTime:0.000000s ]
INFO: [ app_init ] --END-- [ RunTime:0.000000s ]
INFO: [ app_begin ] --START--
INFO: Run Behavior\ReadHtmlCacheBehavior [ RunTime:0.000000s ]
INFO: Run Behavior\CheckLangBehavior [ RunTime:0.015600s ]
NOTIC: [8] Constant LANG_SET already defined D:\phpStudy\WWW\ThinkPHPFrame\Library\Behavior\CheckLangBehavior.class.php 第 55 行.
INFO: Run Behavior\CheckLangBehavior [ RunTime:0.000000s ]
INFO: [ app_begin ] --END-- [ RunTime:0.015600s ]
SQL: SHOW COLUMNS FROM `yefan_web_config` [ RunTime:0.0000s ]
SQL: SHOW COLUMNS FROM `yefan_web_config` [ RunTime:0.0000s ]
SQL: SELECT * FROM `yefan_web_config` LIMIT 1   [ RunTime:0.0000s ]
INFO: [ view_parse ] --START--
INFO: [ template_filter ] --START--
INFO: Run Behavior\ContentReplaceBehavior [ RunTime:0.000000s ]
INFO: [ template_filter ] --END-- [ RunTime:0.000000s ]
INFO: Run Behavior\ParseTemplateBehavior [ RunTime:0.015600s ]
INFO: [ view_parse ] --END-- [ RunTime:0.015600s ]
INFO: [ view_filter ] --START--
INFO: Run Behavior\WriteHtmlCacheBehavior [ RunTime:0.000000s ]
INFO: [ view_filter ] --END-- [ RunTime:0.000000s ]

[ 2017-11-21T09:27:44+08:00 ] ::1 /seller.php/Index/
INFO: [ app_init ] --START--
INFO: Run Behavior\BuildLiteBehavior [ RunTime:0.000088s ]
INFO: [ app_init ] --END-- [ RunTime:0.001299s ]
INFO: [ app_begin ] --START--
INFO: Run Behavior\ReadHtmlCacheBehavior [ RunTime:0.001755s ]
INFO: Run Behavior\CheckLangBehavior [ RunTime:0.005142s ]
NOTIC: [8] Constant LANG_SET already defined G:\working\PHP\Jd\ThinkPHPFrame\Library\Behavior\CheckLangBehavior.class.php 第 55 行.
INFO: Run Behavior\CheckLangBehavior [ RunTime:0.004058s ]
INFO: [ app_begin ] --END-- [ RunTime:0.012989s ]
SQL: SHOW COLUMNS FROM `yefan_web_config` [ RunTime:0.2139s ]
SQL: SHOW COLUMNS FROM `yefan_web_config` [ RunTime:0.0015s ]
SQL: SELECT * FROM `yefan_web_config` LIMIT 1   [ RunTime:0.0159s ]
SQL: SELECT `admin_page` FROM `yefan_web_config` LIMIT 1   [ RunTime:0.0004s ]
SQL: SELECT `admin_page` FROM `yefan_web_config` LIMIT 1   [ RunTime:0.0080s ]
SQL: SHOW COLUMNS FROM `yefan_upload` [ RunTime:0.1128s ]
SQL: SELECT * FROM `yefan_upload` WHERE `admin_id` = 46 LIMIT 1   [ RunTime:0.0006s ]
ERR: 1146:Table 'tasks.yefan_seller_menu' doesn't exist
 [ SQL语句 ] : SHOW COLUMNS FROM `yefan_seller_menu`
ERR: 1146:Table 'tasks.yefan_seller_menu' doesn't exist
 [ SQL语句 ] : SHOW COLUMNS FROM `yefan_seller_menu`

[ 2017-11-21T09:37:15+08:00 ] ::1 /seller.php/Index/
INFO: [ app_init ] --START--
INFO: Run Behavior\BuildLiteBehavior [ RunTime:0.000095s ]
INFO: [ app_init ] --END-- [ RunTime:0.002889s ]
INFO: [ app_begin ] --START--
INFO: Run Behavior\ReadHtmlCacheBehavior [ RunTime:0.010146s ]
INFO: Run Behavior\CheckLangBehavior [ RunTime:0.029653s ]
NOTIC: [8] Constant LANG_SET already defined G:\working\PHP\Jd\ThinkPHPFrame\Library\Behavior\CheckLangBehavior.class.php 第 55 行.
INFO: Run Behavior\CheckLangBehavior [ RunTime:0.011483s ]
INFO: [ app_begin ] --END-- [ RunTime:0.054201s ]
SQL: SHOW COLUMNS FROM `yefan_web_config` [ RunTime:0.0358s ]
SQL: SHOW COLUMNS FROM `yefan_web_config` [ RunTime:0.0020s ]
SQL: SELECT * FROM `yefan_web_config` LIMIT 1   [ RunTime:0.0014s ]
SQL: SELECT `admin_page` FROM `yefan_web_config` LIMIT 1   [ RunTime:0.0006s ]
SQL: SELECT `admin_page` FROM `yefan_web_config` LIMIT 1   [ RunTime:0.0005s ]
SQL: SHOW COLUMNS FROM `yefan_upload` [ RunTime:0.0306s ]
SQL: SELECT * FROM `yefan_upload` WHERE `admin_id` = 46 LIMIT 1   [ RunTime:0.0010s ]
ERR: 1146:Table 'tasks.yefan_seller_menu' doesn't exist
 [ SQL语句 ] : SHOW COLUMNS FROM `yefan_seller_menu`
ERR: 1146:Table 'tasks.yefan_seller_menu' doesn't exist
 [ SQL语句 ] : SHOW COLUMNS FROM `yefan_seller_menu`

[ 2017-11-21T09:37:54+08:00 ] ::1 /seller.php
INFO: [ app_init ] --START--
INFO: Run Behavior\BuildLiteBehavior [ RunTime:0.000058s ]
INFO: [ app_init ] --END-- [ RunTime:0.001294s ]
INFO: [ app_begin ] --START--
INFO: Run Behavior\ReadHtmlCacheBehavior [ RunTime:0.002625s ]
INFO: Run Behavior\CheckLangBehavior [ RunTime:0.004915s ]
NOTIC: [8] Constant LANG_SET already defined G:\working\PHP\Jd\ThinkPHPFrame\Library\Behavior\CheckLangBehavior.class.php 第 55 行.
INFO: Run Behavior\CheckLangBehavior [ RunTime:0.002596s ]
INFO: [ app_begin ] --END-- [ RunTime:0.010773s ]

[ 2017-11-21T09:37:58+08:00 ] ::1 /Seller.php/Index/
INFO: [ app_init ] --START--
INFO: Run Behavior\BuildLiteBehavior [ RunTime:0.000108s ]
INFO: [ app_init ] --END-- [ RunTime:0.002287s ]
INFO: [ app_begin ] --START--
INFO: Run Behavior\ReadHtmlCacheBehavior [ RunTime:0.004184s ]
INFO: Run Behavior\CheckLangBehavior [ RunTime:0.009382s ]
NOTIC: [8] Constant LANG_SET already defined G:\working\PHP\Jd\ThinkPHPFrame\Library\Behavior\CheckLangBehavior.class.php 第 55 行.
INFO: Run Behavior\CheckLangBehavior [ RunTime:0.005973s ]
INFO: [ app_begin ] --END-- [ RunTime:0.020773s ]
SQL: SHOW COLUMNS FROM `yefan_web_config` [ RunTime:0.0021s ]
SQL: SHOW COLUMNS FROM `yefan_web_config` [ RunTime:0.0026s ]
SQL: SELECT * FROM `yefan_web_config` LIMIT 1   [ RunTime:0.0008s ]
SQL: SELECT `admin_page` FROM `yefan_web_config` LIMIT 1   [ RunTime:0.0005s ]
SQL: SELECT `admin_page` FROM `yefan_web_config` LIMIT 1   [ RunTime:0.0005s ]
SQL: SHOW COLUMNS FROM `yefan_upload` [ RunTime:0.0017s ]
SQL: SELECT * FROM `yefan_upload` WHERE `admin_id` = 46 LIMIT 1   [ RunTime:0.0006s ]
ERR: 1146:Table 'tasks.yefan_seller_menu' doesn't exist
 [ SQL语句 ] : SHOW COLUMNS FROM `yefan_seller_menu`
ERR: 1146:Table 'tasks.yefan_seller_menu' doesn't exist
 [ SQL语句 ] : SHOW COLUMNS FROM `yefan_seller_menu`

[ 2017-11-21T09:38:52+08:00 ] ::1 /Seller.php/Index/
INFO: [ app_init ] --START--
INFO: Run Behavior\BuildLiteBehavior [ RunTime:0.000044s ]
INFO: [ app_init ] --END-- [ RunTime:0.001044s ]
INFO: [ app_begin ] --START--
INFO: Run Behavior\ReadHtmlCacheBehavior [ RunTime:0.002558s ]
INFO: Run Behavior\CheckLangBehavior [ RunTime:0.004584s ]
NOTIC: [8] Constant LANG_SET already defined G:\working\PHP\Jd\ThinkPHPFrame\Library\Behavior\CheckLangBehavior.class.php 第 55 行.
INFO: Run Behavior\CheckLangBehavior [ RunTime:0.003672s ]
INFO: [ app_begin ] --END-- [ RunTime:0.011530s ]
SQL: SHOW COLUMNS FROM `yefan_web_config` [ RunTime:0.0016s ]
SQL: SHOW COLUMNS FROM `yefan_web_config` [ RunTime:0.0009s ]
SQL: SELECT * FROM `yefan_web_config` LIMIT 1   [ RunTime:0.0005s ]
SQL: SELECT `admin_page` FROM `yefan_web_config` LIMIT 1   [ RunTime:0.0005s ]
SQL: SELECT `admin_page` FROM `yefan_web_config` LIMIT 1   [ RunTime:0.0004s ]
SQL: SHOW COLUMNS FROM `yefan_upload` [ RunTime:0.0010s ]
SQL: SELECT * FROM `yefan_upload` WHERE `admin_id` = 46 LIMIT 1   [ RunTime:0.0003s ]
ERR: 1146:Table 'tasks.yefan_seller_menu' doesn't exist
 [ SQL语句 ] : SHOW COLUMNS FROM `yefan_seller_menu`
ERR: 1146:Table 'tasks.yefan_seller_menu' doesn't exist
 [ SQL语句 ] : SHOW COLUMNS FROM `yefan_seller_menu`

[ 2017-11-21T09:38:58+08:00 ] ::1 /seller.php
INFO: [ app_init ] --START--
INFO: Run Behavior\BuildLiteBehavior [ RunTime:0.000071s ]
INFO: [ app_init ] --END-- [ RunTime:0.001161s ]
INFO: [ app_begin ] --START--
INFO: Run Behavior\ReadHtmlCacheBehavior [ RunTime:0.001426s ]
INFO: Run Behavior\CheckLangBehavior [ RunTime:0.004819s ]
NOTIC: [8] Constant LANG_SET already defined G:\working\PHP\Jd\ThinkPHPFrame\Library\Behavior\CheckLangBehavior.class.php 第 55 行.
INFO: Run Behavior\CheckLangBehavior [ RunTime:0.003896s ]
INFO: [ app_begin ] --END-- [ RunTime:0.011014s ]

[ 2017-11-21T09:39:00+08:00 ] ::1 /Seller.php/Index/
INFO: [ app_init ] --START--
INFO: Run Behavior\BuildLiteBehavior [ RunTime:0.000126s ]
INFO: [ app_init ] --END-- [ RunTime:0.001911s ]
INFO: [ app_begin ] --START--
INFO: Run Behavior\ReadHtmlCacheBehavior [ RunTime:0.001186s ]
INFO: Run Behavior\CheckLangBehavior [ RunTime:0.005058s ]
NOTIC: [8] Constant LANG_SET already defined G:\working\PHP\Jd\ThinkPHPFrame\Library\Behavior\CheckLangBehavior.class.php 第 55 行.
INFO: Run Behavior\CheckLangBehavior [ RunTime:0.003948s ]
INFO: [ app_begin ] --END-- [ RunTime:0.011076s ]
SQL: SHOW COLUMNS FROM `yefan_web_config` [ RunTime:0.0177s ]
SQL: SHOW COLUMNS FROM `yefan_web_config` [ RunTime:0.0015s ]
SQL: SELECT * FROM `yefan_web_config` LIMIT 1   [ RunTime:0.0006s ]
SQL: SELECT `admin_page` FROM `yefan_web_config` LIMIT 1   [ RunTime:0.0003s ]
SQL: SELECT `admin_page` FROM `yefan_web_config` LIMIT 1   [ RunTime:0.0003s ]
SQL: SHOW COLUMNS FROM `yefan_upload` [ RunTime:0.0102s ]
SQL: SELECT * FROM `yefan_upload` WHERE `admin_id` = 46 LIMIT 1   [ RunTime:0.0004s ]
SQL: SHOW COLUMNS FROM `yefan_seller_menu` [ RunTime:0.0518s ]
SQL: SELECT * FROM `yefan_seller_menu`  [ RunTime:0.0008s ]
INFO: [ view_parse ] --START--
INFO: [ template_filter ] --START--
INFO: Run Behavior\ContentReplaceBehavior [ RunTime:0.000368s ]
INFO: [ template_filter ] --END-- [ RunTime:0.000740s ]
INFO: Run Behavior\ParseTemplateBehavior [ RunTime:0.175039s ]
INFO: [ view_parse ] --END-- [ RunTime:0.175471s ]
INFO: [ view_filter ] --START--
INFO: Run Behavior\WriteHtmlCacheBehavior [ RunTime:0.041547s ]
INFO: [ view_filter ] --END-- [ RunTime:0.041986s ]
INFO: [ app_end ] --START--
INFO: Run Behavior\ShowPageTraceBehavior [ RunTime:0.054406s ]
INFO: [ app_end ] --END-- [ RunTime:0.054725s ]

[ 2017-11-21T09:51:40+08:00 ] ::1 /Seller.php/Index/payment
INFO: [ app_init ] --START--
INFO: Run Behavior\BuildLiteBehavior [ RunTime:0.000060s ]
INFO: [ app_init ] --END-- [ RunTime:0.000956s ]
INFO: [ app_begin ] --START--
INFO: Run Behavior\ReadHtmlCacheBehavior [ RunTime:0.000818s ]
INFO: Run Behavior\CheckLangBehavior [ RunTime:0.010365s ]
NOTIC: [8] Constant LANG_SET already defined G:\working\PHP\Jd\ThinkPHPFrame\Library\Behavior\CheckLangBehavior.class.php 第 55 行.
INFO: Run Behavior\CheckLangBehavior [ RunTime:0.003226s ]
INFO: [ app_begin ] --END-- [ RunTime:0.015092s ]
SQL: SHOW COLUMNS FROM `yefan_web_config` [ RunTime:0.0011s ]
SQL: SHOW COLUMNS FROM `yefan_web_config` [ RunTime:0.0011s ]
SQL: SELECT * FROM `yefan_web_config` LIMIT 1   [ RunTime:0.0010s ]
SQL: SELECT `admin_page` FROM `yefan_web_config` LIMIT 1   [ RunTime:0.0004s ]
SQL: SELECT `admin_page` FROM `yefan_web_config` LIMIT 1   [ RunTime:0.0004s ]
SQL: SHOW COLUMNS FROM `yefan_seller_balance` [ RunTime:0.0010s ]
SQL: SELECT * FROM `yefan_seller_balance` WHERE `seller_id` = 10 LIMIT 1   [ RunTime:0.0003s ]
INFO: [ view_parse ] --START--
INFO: [ template_filter ] --START--
INFO: Run Behavior\ContentReplaceBehavior [ RunTime:0.000353s ]
INFO: [ template_filter ] --END-- [ RunTime:0.000903s ]
INFO: Run Behavior\ParseTemplateBehavior [ RunTime:0.056471s ]
INFO: [ view_parse ] --END-- [ RunTime:0.056717s ]
INFO: [ view_filter ] --START--
INFO: Run Behavior\WriteHtmlCacheBehavior [ RunTime:0.000689s ]
INFO: [ view_filter ] --END-- [ RunTime:0.000925s ]
INFO: [ app_end ] --START--
INFO: Run Behavior\ShowPageTraceBehavior [ RunTime:0.003664s ]
INFO: [ app_end ] --END-- [ RunTime:0.004113s ]

[ 2017-11-21T09:51:46+08:00 ] ::1 /Seller.php/Index/paypost.html
INFO: [ app_init ] --START--
INFO: Run Behavior\BuildLiteBehavior [ RunTime:0.000046s ]
INFO: [ app_init ] --END-- [ RunTime:0.000741s ]
INFO: [ app_begin ] --START--
INFO: Run Behavior\ReadHtmlCacheBehavior [ RunTime:0.000800s ]
INFO: Run Behavior\CheckLangBehavior [ RunTime:0.003706s ]
NOTIC: [8] Constant LANG_SET already defined G:\working\PHP\Jd\ThinkPHPFrame\Library\Behavior\CheckLangBehavior.class.php 第 55 行.
INFO: Run Behavior\CheckLangBehavior [ RunTime:0.003148s ]
INFO: [ app_begin ] --END-- [ RunTime:0.008190s ]
SQL: SHOW COLUMNS FROM `yefan_web_config` [ RunTime:0.0012s ]
SQL: SHOW COLUMNS FROM `yefan_web_config` [ RunTime:0.0010s ]
SQL: SELECT * FROM `yefan_web_config` LIMIT 1   [ RunTime:0.0005s ]
SQL: SELECT `admin_page` FROM `yefan_web_config` LIMIT 1   [ RunTime:0.0003s ]
SQL: SELECT `admin_page` FROM `yefan_web_config` LIMIT 1   [ RunTime:0.0003s ]
SQL: SHOW COLUMNS FROM `yefan_seller_charge_detail` [ RunTime:0.0014s ]
SQL: SELECT * FROM `yefan_seller_charge_detail` WHERE `order_num` = 'ssssssssssssss' LIMIT 1   [ RunTime:0.0007s ]
SQL: SHOW COLUMNS FROM `yefan_management` [ RunTime:0.0025s ]
SQL: SELECT * FROM `yefan_management` WHERE `ag_id` = 10 LIMIT 1   [ RunTime:0.0004s ]
SQL: INSERT INTO `yefan_seller_charge_detail` (`order_num`,`time`,`seller`,`agent`) VALUES ('ssssssssssssss','2017-11-21 09:46:51','10','10') [ RunTime:0.0006s ]
INFO: [ view_parse ] --START--
INFO: [ template_filter ] --START--
INFO: Run Behavior\ContentReplaceBehavior [ RunTime:0.000158s ]
INFO: [ template_filter ] --END-- [ RunTime:0.000381s ]
INFO: Run Behavior\ParseTemplateBehavior [ RunTime:0.026475s ]
INFO: [ view_parse ] --END-- [ RunTime:0.026800s ]
INFO: [ view_filter ] --START--
INFO: Run Behavior\WriteHtmlCacheBehavior [ RunTime:0.000703s ]
INFO: [ view_filter ] --END-- [ RunTime:0.000906s ]
INFO: [ app_end ] --START--
INFO: Run Behavior\ShowPageTraceBehavior [ RunTime:0.000922s ]
INFO: [ app_end ] --END-- [ RunTime:0.001130s ]

[ 2017-11-21T09:51:48+08:00 ] ::1 /Seller.php/Index/payment
INFO: [ app_init ] --START--
INFO: Run Behavior\BuildLiteBehavior [ RunTime:0.000058s ]
INFO: [ app_init ] --END-- [ RunTime:0.000950s ]
INFO: [ app_begin ] --START--
INFO: Run Behavior\ReadHtmlCacheBehavior [ RunTime:0.001291s ]
INFO: Run Behavior\CheckLangBehavior [ RunTime:0.003019s ]
NOTIC: [8] Constant LANG_SET already defined G:\working\PHP\Jd\ThinkPHPFrame\Library\Behavior\CheckLangBehavior.class.php 第 55 行.
INFO: Run Behavior\CheckLangBehavior [ RunTime:0.002175s ]
INFO: [ app_begin ] --END-- [ RunTime:0.007058s ]
SQL: SHOW COLUMNS FROM `yefan_web_config` [ RunTime:0.0009s ]
SQL: SHOW COLUMNS FROM `yefan_web_config` [ RunTime:0.0009s ]
SQL: SELECT * FROM `yefan_web_config` LIMIT 1   [ RunTime:0.0004s ]
SQL: SELECT `admin_page` FROM `yefan_web_config` LIMIT 1   [ RunTime:0.0002s ]
SQL: SELECT `admin_page` FROM `yefan_web_config` LIMIT 1   [ RunTime:0.0002s ]
SQL: SHOW COLUMNS FROM `yefan_seller_balance` [ RunTime:0.0007s ]
SQL: SELECT * FROM `yefan_seller_balance` WHERE `seller_id` = 10 LIMIT 1   [ RunTime:0.0003s ]
INFO: [ view_parse ] --START--
INFO: [ template_filter ] --START--
INFO: Run Behavior\ContentReplaceBehavior [ RunTime:0.000176s ]
INFO: [ template_filter ] --END-- [ RunTime:0.000398s ]
INFO: Run Behavior\ParseTemplateBehavior [ RunTime:0.014561s ]
INFO: [ view_parse ] --END-- [ RunTime:0.014832s ]
INFO: [ view_filter ] --START--
INFO: Run Behavior\WriteHtmlCacheBehavior [ RunTime:0.000692s ]
INFO: [ view_filter ] --END-- [ RunTime:0.000898s ]
INFO: [ app_end ] --START--
INFO: Run Behavior\ShowPageTraceBehavior [ RunTime:0.001196s ]
INFO: [ app_end ] --END-- [ RunTime:0.001450s ]

[ 2017-11-21T09:53:01+08:00 ] ::1 /Seller.php/Index/payment
INFO: [ app_init ] --START--
INFO: Run Behavior\BuildLiteBehavior [ RunTime:0.000076s ]
INFO: [ app_init ] --END-- [ RunTime:0.001303s ]
INFO: [ app_begin ] --START--
INFO: Run Behavior\ReadHtmlCacheBehavior [ RunTime:0.000901s ]
INFO: Run Behavior\CheckLangBehavior [ RunTime:0.008995s ]
NOTIC: [8] Constant LANG_SET already defined G:\working\PHP\Jd\ThinkPHPFrame\Library\Behavior\CheckLangBehavior.class.php 第 55 行.
INFO: Run Behavior\CheckLangBehavior [ RunTime:0.002390s ]
INFO: [ app_begin ] --END-- [ RunTime:0.012945s ]
SQL: SHOW COLUMNS FROM `yefan_web_config` [ RunTime:0.0017s ]
SQL: SHOW COLUMNS FROM `yefan_web_config` [ RunTime:0.0018s ]
SQL: SELECT * FROM `yefan_web_config` LIMIT 1   [ RunTime:0.0005s ]
SQL: SELECT `admin_page` FROM `yefan_web_config` LIMIT 1   [ RunTime:0.0002s ]
SQL: SELECT `admin_page` FROM `yefan_web_config` LIMIT 1   [ RunTime:0.0002s ]
SQL: SHOW COLUMNS FROM `yefan_seller_balance` [ RunTime:0.0006s ]
SQL: SELECT * FROM `yefan_seller_balance` WHERE `seller_id` = 10 LIMIT 1   [ RunTime:0.0003s ]
INFO: [ view_parse ] --START--
INFO: [ template_filter ] --START--
INFO: Run Behavior\ContentReplaceBehavior [ RunTime:0.000176s ]
INFO: [ template_filter ] --END-- [ RunTime:0.000439s ]
INFO: Run Behavior\ParseTemplateBehavior [ RunTime:0.022981s ]
INFO: [ view_parse ] --END-- [ RunTime:0.023333s ]
INFO: [ view_filter ] --START--
INFO: Run Behavior\WriteHtmlCacheBehavior [ RunTime:0.001819s ]
INFO: [ view_filter ] --END-- [ RunTime:0.002237s ]
INFO: [ app_end ] --START--
INFO: Run Behavior\ShowPageTraceBehavior [ RunTime:0.001010s ]
INFO: [ app_end ] --END-- [ RunTime:0.001219s ]

[ 2017-11-21T09:53:07+08:00 ] ::1 /Seller.php/Index/paypost.html
INFO: [ app_init ] --START--
INFO: Run Behavior\BuildLiteBehavior [ RunTime:0.000047s ]
INFO: [ app_init ] --END-- [ RunTime:0.000956s ]
INFO: [ app_begin ] --START--
INFO: Run Behavior\ReadHtmlCacheBehavior [ RunTime:0.001085s ]
INFO: Run Behavior\CheckLangBehavior [ RunTime:0.003160s ]
NOTIC: [8] Constant LANG_SET already defined G:\working\PHP\Jd\ThinkPHPFrame\Library\Behavior\CheckLangBehavior.class.php 第 55 行.
INFO: Run Behavior\CheckLangBehavior [ RunTime:0.002431s ]
INFO: [ app_begin ] --END-- [ RunTime:0.007232s ]
SQL: SHOW COLUMNS FROM `yefan_web_config` [ RunTime:0.0012s ]
SQL: SHOW COLUMNS FROM `yefan_web_config` [ RunTime:0.0014s ]
SQL: SELECT * FROM `yefan_web_config` LIMIT 1   [ RunTime:0.0005s ]
SQL: SELECT `admin_page` FROM `yefan_web_config` LIMIT 1   [ RunTime:0.0003s ]
SQL: SELECT `admin_page` FROM `yefan_web_config` LIMIT 1   [ RunTime:0.0003s ]
SQL: SHOW COLUMNS FROM `yefan_seller_charge_detail` [ RunTime:0.0009s ]
SQL: SELECT * FROM `yefan_seller_charge_detail` WHERE `order_num` = '1' LIMIT 1   [ RunTime:0.0003s ]
SQL: SHOW COLUMNS FROM `yefan_management` [ RunTime:0.0023s ]
SQL: SELECT * FROM `yefan_management` WHERE `ag_id` = 10 LIMIT 1   [ RunTime:0.0005s ]
SQL: INSERT INTO `yefan_seller_charge_detail` (`order_num`,`time`,`seller`,`agent`) VALUES ('1','2017-11-21 09:07:53','10','10') [ RunTime:0.0008s ]
INFO: [ view_parse ] --START--
INFO: [ template_filter ] --START--
INFO: Run Behavior\ContentReplaceBehavior [ RunTime:0.000174s ]
INFO: [ template_filter ] --END-- [ RunTime:0.000409s ]
INFO: Run Behavior\ParseTemplateBehavior [ RunTime:0.013847s ]
INFO: [ view_parse ] --END-- [ RunTime:0.014108s ]
INFO: [ view_filter ] --START--
INFO: Run Behavior\WriteHtmlCacheBehavior [ RunTime:0.000702s ]
INFO: [ view_filter ] --END-- [ RunTime:0.000903s ]
INFO: [ app_end ] --START--
INFO: Run Behavior\ShowPageTraceBehavior [ RunTime:0.000952s ]
INFO: [ app_end ] --END-- [ RunTime:0.001177s ]

[ 2017-11-21T09:53:08+08:00 ] ::1 /Seller.php/Index/payment
INFO: [ app_init ] --START--
INFO: Run Behavior\BuildLiteBehavior [ RunTime:0.000080s ]
INFO: [ app_init ] --END-- [ RunTime:0.001379s ]
INFO: [ app_begin ] --START--
INFO: Run Behavior\ReadHtmlCacheBehavior [ RunTime:0.001805s ]
INFO: Run Behavior\CheckLangBehavior [ RunTime:0.005951s ]
NOTIC: [8] Constant LANG_SET already defined G:\working\PHP\Jd\ThinkPHPFrame\Library\Behavior\CheckLangBehavior.class.php 第 55 行.
INFO: Run Behavior\CheckLangBehavior [ RunTime:0.004418s ]
INFO: [ app_begin ] --END-- [ RunTime:0.013539s ]
SQL: SHOW COLUMNS FROM `yefan_web_config` [ RunTime:0.0016s ]
SQL: SHOW COLUMNS FROM `yefan_web_config` [ RunTime:0.0016s ]
SQL: SELECT * FROM `yefan_web_config` LIMIT 1   [ RunTime:0.0007s ]
SQL: SELECT `admin_page` FROM `yefan_web_config` LIMIT 1   [ RunTime:0.0005s ]
SQL: SELECT `admin_page` FROM `yefan_web_config` LIMIT 1   [ RunTime:0.0004s ]
SQL: SHOW COLUMNS FROM `yefan_seller_balance` [ RunTime:0.0014s ]
SQL: SELECT * FROM `yefan_seller_balance` WHERE `seller_id` = 10 LIMIT 1   [ RunTime:0.0004s ]
INFO: [ view_parse ] --START--
INFO: [ template_filter ] --START--
INFO: Run Behavior\ContentReplaceBehavior [ RunTime:0.000195s ]
INFO: [ template_filter ] --END-- [ RunTime:0.000447s ]
INFO: Run Behavior\ParseTemplateBehavior [ RunTime:0.023009s ]
INFO: [ view_parse ] --END-- [ RunTime:0.023577s ]
INFO: [ view_filter ] --START--
INFO: Run Behavior\WriteHtmlCacheBehavior [ RunTime:0.002074s ]
INFO: [ view_filter ] --END-- [ RunTime:0.002550s ]
INFO: [ app_end ] --START--
INFO: Run Behavior\ShowPageTraceBehavior [ RunTime:0.001250s ]
INFO: [ app_end ] --END-- [ RunTime:0.001592s ]

[ 2017-11-21T09:56:25+08:00 ] ::1 /Seller.php/Index/paypost.html
INFO: [ app_init ] --START--
INFO: Run Behavior\BuildLiteBehavior [ RunTime:0.000044s ]
INFO: [ app_init ] --END-- [ RunTime:0.000750s ]
INFO: [ app_begin ] --START--
INFO: Run Behavior\ReadHtmlCacheBehavior [ RunTime:0.001250s ]
INFO: Run Behavior\CheckLangBehavior [ RunTime:0.003908s ]
NOTIC: [8] Constant LANG_SET already defined G:\working\PHP\Jd\ThinkPHPFrame\Library\Behavior\CheckLangBehavior.class.php 第 55 行.
INFO: Run Behavior\CheckLangBehavior [ RunTime:0.002172s ]
INFO: [ app_begin ] --END-- [ RunTime:0.008202s ]
SQL: SHOW COLUMNS FROM `yefan_web_config` [ RunTime:0.0010s ]
SQL: SHOW COLUMNS FROM `yefan_web_config` [ RunTime:0.0010s ]
SQL: SELECT * FROM `yefan_web_config` LIMIT 1   [ RunTime:0.0011s ]
SQL: SELECT `admin_page` FROM `yefan_web_config` LIMIT 1   [ RunTime:0.0004s ]
SQL: SELECT `admin_page` FROM `yefan_web_config` LIMIT 1   [ RunTime:0.0003s ]
SQL: SHOW COLUMNS FROM `yefan_seller_charge_detail` [ RunTime:0.0009s ]
SQL: SELECT * FROM `yefan_seller_charge_detail` WHERE `order_num` = '2' LIMIT 1   [ RunTime:0.0004s ]
SQL: SHOW COLUMNS FROM `yefan_management` [ RunTime:0.0024s ]
SQL: SELECT * FROM `yefan_management` WHERE `ag_id` = 10 LIMIT 1   [ RunTime:0.0004s ]
SQL: INSERT INTO `yefan_seller_charge_detail` (`order_num`,`time`,`seller`,`agent`) VALUES ('2','2017-11-21 09:25:56','10','10') [ RunTime:0.0004s ]
INFO: [ view_parse ] --START--
INFO: [ template_filter ] --START--
INFO: Run Behavior\ContentReplaceBehavior [ RunTime:0.000158s ]
INFO: [ template_filter ] --END-- [ RunTime:0.000407s ]
INFO: Run Behavior\ParseTemplateBehavior [ RunTime:0.015012s ]
INFO: [ view_parse ] --END-- [ RunTime:0.015322s ]
INFO: [ view_filter ] --START--
INFO: Run Behavior\WriteHtmlCacheBehavior [ RunTime:0.000702s ]
INFO: [ view_filter ] --END-- [ RunTime:0.000905s ]
INFO: [ app_end ] --START--
INFO: Run Behavior\ShowPageTraceBehavior [ RunTime:0.001418s ]
INFO: [ app_end ] --END-- [ RunTime:0.001646s ]

[ 2017-11-21T09:56:27+08:00 ] ::1 /Seller.php/Index/payment
INFO: [ app_init ] --START--
INFO: Run Behavior\BuildLiteBehavior [ RunTime:0.000063s ]
INFO: [ app_init ] --END-- [ RunTime:0.001810s ]
INFO: [ app_begin ] --START--
INFO: Run Behavior\ReadHtmlCacheBehavior [ RunTime:0.001417s ]
INFO: Run Behavior\CheckLangBehavior [ RunTime:0.006005s ]
NOTIC: [8] Constant LANG_SET already defined G:\working\PHP\Jd\ThinkPHPFrame\Library\Behavior\CheckLangBehavior.class.php 第 55 行.
INFO: Run Behavior\CheckLangBehavior [ RunTime:0.002857s ]
INFO: [ app_begin ] --END-- [ RunTime:0.011083s ]
SQL: SHOW COLUMNS FROM `yefan_web_config` [ RunTime:0.0012s ]
SQL: SHOW COLUMNS FROM `yefan_web_config` [ RunTime:0.0010s ]
SQL: SELECT * FROM `yefan_web_config` LIMIT 1   [ RunTime:0.0005s ]
SQL: SELECT `admin_page` FROM `yefan_web_config` LIMIT 1   [ RunTime:0.0002s ]
SQL: SELECT `admin_page` FROM `yefan_web_config` LIMIT 1   [ RunTime:0.0002s ]
SQL: SHOW COLUMNS FROM `yefan_seller_balance` [ RunTime:0.0008s ]
SQL: SELECT * FROM `yefan_seller_balance` WHERE `seller_id` = 10 LIMIT 1   [ RunTime:0.0003s ]
INFO: [ view_parse ] --START--
INFO: [ template_filter ] --START--
INFO: Run Behavior\ContentReplaceBehavior [ RunTime:0.000173s ]
INFO: [ template_filter ] --END-- [ RunTime:0.000395s ]
INFO: Run Behavior\ParseTemplateBehavior [ RunTime:0.015315s ]
INFO: [ view_parse ] --END-- [ RunTime:0.015558s ]
INFO: [ view_filter ] --START--
INFO: Run Behavior\WriteHtmlCacheBehavior [ RunTime:0.000703s ]
INFO: [ view_filter ] --END-- [ RunTime:0.000903s ]
INFO: [ app_end ] --START--
INFO: Run Behavior\ShowPageTraceBehavior [ RunTime:0.001041s ]
INFO: [ app_end ] --END-- [ RunTime:0.001339s ]

[ 2017-11-21T10:05:57+08:00 ] ::1 /Seller.php/Index/paypost.html
INFO: [ app_init ] --START--
INFO: Run Behavior\BuildLiteBehavior [ RunTime:0.000087s ]
INFO: [ app_init ] --END-- [ RunTime:0.001589s ]
INFO: [ app_begin ] --START--
INFO: Run Behavior\ReadHtmlCacheBehavior [ RunTime:0.000763s ]
INFO: Run Behavior\CheckLangBehavior [ RunTime:0.003081s ]
NOTIC: [8] Constant LANG_SET already defined G:\working\PHP\Jd\ThinkPHPFrame\Library\Behavior\CheckLangBehavior.class.php 第 55 行.
INFO: Run Behavior\CheckLangBehavior [ RunTime:0.002346s ]
INFO: [ app_begin ] --END-- [ RunTime:0.006704s ]
SQL: SHOW COLUMNS FROM `yefan_web_config` [ RunTime:0.0017s ]
SQL: SHOW COLUMNS FROM `yefan_web_config` [ RunTime:0.0012s ]
SQL: SELECT * FROM `yefan_web_config` LIMIT 1   [ RunTime:0.0005s ]
SQL: SELECT `admin_page` FROM `yefan_web_config` LIMIT 1   [ RunTime:0.0003s ]
SQL: SELECT `admin_page` FROM `yefan_web_config` LIMIT 1   [ RunTime:0.0003s ]
SQL: SHOW COLUMNS FROM `yefan_seller_charge_detail` [ RunTime:0.0007s ]
SQL: SELECT * FROM `yefan_seller_charge_detail` WHERE `order_num` = 'a' LIMIT 1   [ RunTime:0.0005s ]
SQL: SHOW COLUMNS FROM `yefan_management` [ RunTime:0.0034s ]
SQL: SELECT * FROM `yefan_management` WHERE `ag_id` = 10 LIMIT 1   [ RunTime:0.0006s ]
SQL: INSERT INTO `yefan_seller_charge_detail` (`order_num`,`time`,`seller`,`agent`) VALUES ('a','2017-11-21 10:57:05','10','10') [ RunTime:0.0005s ]
INFO: [ view_parse ] --START--
INFO: [ template_filter ] --START--
INFO: Run Behavior\ContentReplaceBehavior [ RunTime:0.000219s ]
INFO: [ template_filter ] --END-- [ RunTime:0.000604s ]
INFO: Run Behavior\ParseTemplateBehavior [ RunTime:0.014670s ]
INFO: [ view_parse ] --END-- [ RunTime:0.014902s ]
INFO: [ view_filter ] --START--
INFO: Run Behavior\WriteHtmlCacheBehavior [ RunTime:0.000697s ]
INFO: [ view_filter ] --END-- [ RunTime:0.000901s ]
INFO: [ app_end ] --START--
INFO: Run Behavior\ShowPageTraceBehavior [ RunTime:0.000959s ]
INFO: [ app_end ] --END-- [ RunTime:0.001167s ]

[ 2017-11-21T10:05:59+08:00 ] ::1 /Seller.php/Index/payment
INFO: [ app_init ] --START--
INFO: Run Behavior\BuildLiteBehavior [ RunTime:0.000045s ]
INFO: [ app_init ] --END-- [ RunTime:0.000866s ]
INFO: [ app_begin ] --START--
INFO: Run Behavior\ReadHtmlCacheBehavior [ RunTime:0.000889s ]
INFO: Run Behavior\CheckLangBehavior [ RunTime:0.003118s ]
NOTIC: [8] Constant LANG_SET already defined G:\working\PHP\Jd\ThinkPHPFrame\Library\Behavior\CheckLangBehavior.class.php 第 55 行.
INFO: Run Behavior\CheckLangBehavior [ RunTime:0.002298s ]
INFO: [ app_begin ] --END-- [ RunTime:0.006804s ]
SQL: SHOW COLUMNS FROM `yefan_web_config` [ RunTime:0.0009s ]
SQL: SHOW COLUMNS FROM `yefan_web_config` [ RunTime:0.0009s ]
SQL: SELECT * FROM `yefan_web_config` LIMIT 1   [ RunTime:0.0006s ]
SQL: SELECT `admin_page` FROM `yefan_web_config` LIMIT 1   [ RunTime:0.0002s ]
SQL: SELECT `admin_page` FROM `yefan_web_config` LIMIT 1   [ RunTime:0.0002s ]
SQL: SHOW COLUMNS FROM `yefan_seller_balance` [ RunTime:0.0011s ]
SQL: SELECT * FROM `yefan_seller_balance` WHERE `seller_id` = 10 LIMIT 1   [ RunTime:0.0003s ]
INFO: [ view_parse ] --START--
INFO: [ template_filter ] --START--
INFO: Run Behavior\ContentReplaceBehavior [ RunTime:0.000179s ]
INFO: [ template_filter ] --END-- [ RunTime:0.000419s ]
INFO: Run Behavior\ParseTemplateBehavior [ RunTime:0.015559s ]
INFO: [ view_parse ] --END-- [ RunTime:0.015793s ]
INFO: [ view_filter ] --START--
INFO: Run Behavior\WriteHtmlCacheBehavior [ RunTime:0.000685s ]
INFO: [ view_filter ] --END-- [ RunTime:0.000889s ]
INFO: [ app_end ] --START--
INFO: Run Behavior\ShowPageTraceBehavior [ RunTime:0.000925s ]
INFO: [ app_end ] --END-- [ RunTime:0.001130s ]

