[ 2017-11-26T09:32:33+08:00 ] ::1 /seller.php/Index
INFO: [ app_init ] --START--
INFO: Run Behavior\BuildLiteBehavior [ RunTime:0.000143s ]
INFO: [ app_init ] --END-- [ RunTime:0.533424s ]
INFO: [ app_begin ] --START--
INFO: Run Behavior\ReadHtmlCacheBehavior [ RunTime:0.078882s ]
INFO: Run Behavior\CheckLangBehavior [ RunTime:0.096237s ]
NOTIC: [8] Constant LANG_SET already defined G:\working\PHP\jingdong\ThinkPHPFrame\Library\Behavior\CheckLangBehavior.class.php 第 55 行.
INFO: Run Behavior\CheckLangBehavior [ RunTime:0.006523s ]
INFO: [ app_begin ] --END-- [ RunTime:0.182929s ]
SQL: SHOW COLUMNS FROM `yefan_web_config` [ RunTime:0.2235s ]
SQL: SHOW COLUMNS FROM `yefan_web_config` [ RunTime:0.0434s ]
SQL: SELECT * FROM `yefan_web_config` LIMIT 1   [ RunTime:0.0181s ]
INFO: [ view_parse ] --START--
INFO: [ template_filter ] --START--
INFO: Run Behavior\ContentReplaceBehavior [ RunTime:0.000492s ]
INFO: [ template_filter ] --END-- [ RunTime:0.001258s ]
INFO: Run Behavior\ParseTemplateBehavior [ RunTime:0.461561s ]
INFO: [ view_parse ] --END-- [ RunTime:0.462180s ]
INFO: [ view_filter ] --START--
INFO: Run Behavior\WriteHtmlCacheBehavior [ RunTime:0.030385s ]
INFO: [ view_filter ] --END-- [ RunTime:0.031057s ]

[ 2017-11-26T09:33:05+08:00 ] ::1 /seller.php/Login/index.html
INFO: [ app_init ] --START--
INFO: Run Behavior\BuildLiteBehavior [ RunTime:0.000235s ]
INFO: [ app_init ] --END-- [ RunTime:0.004321s ]
INFO: [ app_begin ] --START--
INFO: Run Behavior\ReadHtmlCacheBehavior [ RunTime:0.001867s ]
INFO: Run Behavior\CheckLangBehavior [ RunTime:0.047884s ]
NOTIC: [8] Constant LANG_SET already defined G:\working\PHP\jingdong\ThinkPHPFrame\Library\Behavior\CheckLangBehavior.class.php 第 55 行.
INFO: Run Behavior\CheckLangBehavior [ RunTime:0.004472s ]
INFO: [ app_begin ] --END-- [ RunTime:0.055301s ]
INFO: [ view_parse ] --START--
INFO: [ template_filter ] --START--
INFO: Run Behavior\ContentReplaceBehavior [ RunTime:0.000253s ]
INFO: [ template_filter ] --END-- [ RunTime:0.000519s ]
INFO: Run Behavior\ParseTemplateBehavior [ RunTime:0.983023s ]
INFO: [ view_parse ] --END-- [ RunTime:0.983386s ]
INFO: [ view_filter ] --START--
INFO: Run Behavior\WriteHtmlCacheBehavior [ RunTime:0.081956s ]
INFO: [ view_filter ] --END-- [ RunTime:0.082265s ]
INFO: [ app_end ] --START--
INFO: Run Behavior\ShowPageTraceBehavior [ RunTime:0.069214s ]
INFO: [ app_end ] --END-- [ RunTime:0.069466s ]

